[30/11/2006] GM Xidaozu: /m Demon
[30/11/2006] GM Xidaozu: /t
[30/11/2006] GM Xidaozu: /reload monsters
[30/11/2006] GM Xidaozu: /m Rat
[30/11/2006] GM Xidaozu: /m Rat
[30/11/2006] GM Xidaozu: /m Rat
[30/11/2006] GM Xidaozu: /m Rat
[30/11/2006] GM Xidaozu: /m Rat
[30/11/2006] GM Xidaozu: /m Rat
[30/11/2006] GM Xidaozu: /m Rat
[30/11/2006] GM Xidaozu: /m Rat
[30/11/2006] GM Xidaozu: /m Rat
[30/11/2006] GM Xidaozu: /reload config
[30/11/2006] GM Xidaozu: /m rat
[30/11/2006] GM Xidaozu: /m rat
[30/11/2006] GM Xidaozu: /m rat
[30/11/2006] GM Xidaozu: /m rat
[30/11/2006] GM Xidaozu: /m rat
[30/11/2006] GM Xidaozu: /m rat
[30/11/2006] GM Xidaozu: /m rat
[30/11/2006] GM Xidaozu: /m rat
[30/11/2006] GM Xidaozu: /m rat
[30/11/2006] GM Xidaozu: /m rat
[30/11/2006] GM Xidaozu: /m rat
[30/11/2006] GM Xidaozu: /m rat
[30/11/2006] GM Xidaozu: /m rat
[30/11/2006] GM Xidaozu: /m rat
[30/11/2006] GM Xidaozu: /m rat
[30/11/2006] GM Xidaozu: /m rat
[30/11/2006] GM Xidaozu: /m rat
[30/11/2006] GM Xidaozu: /m rat
[30/11/2006] GM Xidaozu: /m rat
[30/11/2006] GM Xidaozu: /m rat
[30/11/2006] GM Xidaozu: /m rat
[30/11/2006] GM Xidaozu: /m rat
[30/11/2006] GM Xidaozu: /m rat
[30/11/2006] GM Xidaozu: /m rat
[30/11/2006] GM Xidaozu: /m rat
[30/11/2006] GM Xidaozu: /m rat
[30/11/2006] GM Xidaozu: /m rat
[30/11/2006] GM Xidaozu: /m rat
[30/11/2006] GM Xidaozu: /m rat
[30/11/2006] GM Xidaozu: /m rat
[30/11/2006] GM Xidaozu: /m rat
[30/11/2006] GM Xidaozu: /m rat
[30/11/2006] GM Xidaozu: /m rat
[30/11/2006] GM Xidaozu: /m rat
[30/11/2006] GM Xidaozu: /m rat
[30/11/2006] GM Xidaozu: /m rat
[30/11/2006] GM Xidaozu: /m rat
[30/11/2006] GM Xidaozu: /m rat
[30/11/2006] GM Xidaozu: /m rat
[30/11/2006] GM Xidaozu: /m rat
[01/12/2006] GM Xidaozu: /i 1988 1
[01/12/2006] GM Xidaozu: /n adevo mas pox 1
[01/12/2006] GM Xidaozu: /n adana pox 1
[01/12/2006] GM Xidaozu: /n adana ani 100
[01/12/2006] GM Xidaozu: /n adura vita 100
[01/12/2006] GM Xidaozu: /kick Xidaozu
[01/12/2006] GM Xidaozu: /n adevo mas pox 100
[01/12/2006] GM Xidaozu: /reload spells
[01/12/2006] GM Xidaozu: /n adevo grav tera 100
[01/12/2006] GM Xidaozu: /m Giant Spider
[01/12/2006] GM Xidaozu: /i 2272 100
[01/12/2006] GM Xidaozu: /c Giant Spider
[01/12/2006] GM Xidaozu: /summon Giant Spider
[01/12/2006] GM Xidaozu: /m Giant Spider
[01/12/2006] GM Xidaozu: /m Giant Spider
[01/12/2006] GM Xidaozu: /a 1
[01/12/2006] GM Xidaozu: /i 2430 1
[01/12/2006] GM Xidaozu: /i 2432 
[01/12/2006] GM Xidaozu: /c Dragon
[01/12/2006] GM Xidaozu: /c Dragon
[01/12/2006] GM Xidaozu: /n stonecutters axe 1
[01/12/2006] GM Xidaozu: /n stonecutter's axe 1
[01/12/2006] GM Xidaozu: /n stonecutter axe 1
[01/12/2006] GM Xidaozu: /n stonecutter axe 1
[01/12/2006] GM Xidaozu: /c Dragon
[01/12/2006] GM Xidaozu: /n stonecutter axe 1
[01/12/2006] GM Xidaozu: /c Dragon
[01/12/2006] GM Xidaozu: /c Dragon
[01/12/2006] GM Xidaozu: /c Dragon
[01/12/2006] GM Xidaozu: /c Dragon
[01/12/2006] GM Xidaozu: /c Dragon
[01/12/2006] GM Xidaozu: /m Training Monk
[01/12/2006] GM Xidaozu: /m Training Monk
[01/12/2006] GM Xidaozu: /c Training Monk
[01/12/2006] GM Xidaozu: /c Dragon
[01/12/2006] GM Xidaozu: /m Training Monk
[01/12/2006] GM Xidaozu: /reload config
[01/12/2006] GM Xidaozu: /c Dragon
[01/12/2006] GM Xidaozu: /c Dragon
[01/12/2006] GM Xidaozu: /c Dragon
[02/12/2006] GM Xidaozu: /m rat
[02/12/2006] GM Xidaozu: /m rat
[02/12/2006] GM Xidaozu: /m rat
[02/12/2006] GM Xidaozu: /m rat
[02/12/2006] GM Xidaozu: /m rat
[02/12/2006] GM Xidaozu: /m rat
[02/12/2006] GM Xidaozu: /m rat
[02/12/2006] GM Xidaozu: /m rat
[02/12/2006] GM Xidaozu: /m rat
[02/12/2006] GM Xidaozu: /m rat
[02/12/2006] GM Xidaozu: /m rat
[02/12/2006] GM Xidaozu: /m rat
[02/12/2006] GM Xidaozu: /m rat
[02/12/2006] GM Xidaozu: /m rat
[02/12/2006] GM Xidaozu: /m rat
[02/12/2006] GM Xidaozu: /m rat
[02/12/2006] GM Xidaozu: /m rat
[02/12/2006] GM Xidaozu: /m rat
[02/12/2006] GM Xidaozu: /m rat
[02/12/2006] GM Xidaozu: /m rat
[02/12/2006] GM Xidaozu: /m rat
[02/12/2006] GM Xidaozu: /m rat
[02/12/2006] GM Xidaozu: /m rat
[02/12/2006] GM Xidaozu: /m rat
[02/12/2006] GM Xidaozu: /m rat
[02/12/2006] GM Xidaozu: /m rat
[02/12/2006] GM Xidaozu: /m rat
[02/12/2006] GM Xidaozu: /m rat
[02/12/2006] GM Xidaozu: /m rat
[02/12/2006] GM Xidaozu: /m rat
[02/12/2006] GM Xidaozu: /m rat
[02/12/2006] GM Xidaozu: /m rat
[02/12/2006] GM Xidaozu: /m rat
[02/12/2006] GM Xidaozu: /m rat
[02/12/2006] GM Xidaozu: /m rat
[02/12/2006] GM Xidaozu: /m rat
[02/12/2006] GM Xidaozu: /m rat
[02/12/2006] GM Xidaozu: /m rat
[02/12/2006] GM Xidaozu: /m rat
[02/12/2006] GM Xidaozu: /m rat
[02/12/2006] GM Xidaozu: /m rat
[02/12/2006] GM Xidaozu: /m rat
[02/12/2006] GM Xidaozu: /m rat
[02/12/2006] GM Xidaozu: /m rat
[02/12/2006] GM Xidaozu: /m rat
[02/12/2006] GM Xidaozu: /m rat
[02/12/2006] GM Xidaozu: /m rat
[02/12/2006] GM Xidaozu: /m rat
[02/12/2006] GM Xidaozu: /m rat
[02/12/2006] GM Xidaozu: /m rat
[02/12/2006] GM Xidaozu: /m rat
[02/12/2006] GM Xidaozu: /m rat
[02/12/2006] GM Xidaozu: /m rat
[02/12/2006] GM Xidaozu: /m rat
[02/12/2006] GM Xidaozu: /m rat
[02/12/2006] GM Xidaozu: /m rat
[02/12/2006] GM Xidaozu: /m rat
[02/12/2006] GM Xidaozu: /m rat
[02/12/2006] GM Xidaozu: /m rat
[02/12/2006] GM Xidaozu: /m rat
[02/12/2006] GM Xidaozu: /m rat
[02/12/2006] GM Xidaozu: /m rat
[02/12/2006] GM Xidaozu: /m rat
[02/12/2006] GM Xidaozu: /m rat
[02/12/2006] GM Xidaozu: /m rat
[02/12/2006] GM Xidaozu: /m rat
[02/12/2006] GM Xidaozu: /m rat
[02/12/2006] GM Xidaozu: /m rat
[02/12/2006] GM Xidaozu: /m rat
[02/12/2006] GM Xidaozu: /m rat
[02/12/2006] GM Xidaozu: /m rat
[02/12/2006] GM Xidaozu: /m rat
[02/12/2006] GM Xidaozu: /m rat
[02/12/2006] GM Xidaozu: /m rat
[02/12/2006] GM Xidaozu: /m rat
[02/12/2006] GM Xidaozu: /m rat
[02/12/2006] GM Xidaozu: /m rat
[02/12/2006] GM Xidaozu: /m rat
[02/12/2006] GM Xidaozu: /m rat
[02/12/2006] GM Xidaozu: /m rat
[02/12/2006] GM Xidaozu: /m rat
[02/12/2006] GM Xidaozu: /m rat
[02/12/2006] GM Xidaozu: /m rat
[02/12/2006] GM Xidaozu: /m rat
[02/12/2006] GM Xidaozu: /m rat
[02/12/2006] GM Xidaozu: /m rat
[02/12/2006] GM Xidaozu: /m rat
[02/12/2006] GM Xidaozu: /m rat
[02/12/2006] GM Xidaozu: /m rat
[02/12/2006] GM Xidaozu: /m rat
[02/12/2006] GM Xidaozu: /m rat
[02/12/2006] GM Xidaozu: /m rat
[02/12/2006] GM Xidaozu: /m rat
[02/12/2006] GM Xidaozu: /m rat
[02/12/2006] GM Xidaozu: /m rat
[02/12/2006] GM Xidaozu: /m rat
[02/12/2006] GM Xidaozu: /m rat
[02/12/2006] GM Xidaozu: /m rat
[02/12/2006] GM Xidaozu: /m rat
[02/12/2006] GM Xidaozu: /m rat
[02/12/2006] GM Xidaozu: /m rat
[02/12/2006] GM Xidaozu: /m rat
[02/12/2006] GM Xidaozu: /m Training Monk
[02/12/2006] GM Xidaozu: /c Training Monk
[02/12/2006] GM Xidaozu: /c Dragon
[02/12/2006] GM Xidaozu: /a 1
[02/12/2006] GM Xidaozu: /reload config
[02/12/2006] GM Xidaozu: /reload commands
[02/12/2006] GM Xidaozu: /kick Xidaozu
[02/12/2006] GM Xidaozu: /addon GM Xidaozu, 3
[02/12/2006] GM Xidaozu: /addon GM Xidaozu, 1
[02/12/2006] GM Xidaozu: /n staff 1
[02/12/2006] GM Xidaozu: /n enchanted staff 1
[02/12/2006] GM Xidaozu: /n enchant staff 1
[02/12/2006] GM Xidaozu: /n magic staff 1
[02/12/2006] GM Xidaozu: /n staff 1
[02/12/2006] GM Xidaozu: /n snakebite rod 1
[02/12/2006] GM Xidaozu: /m Training Monk
[02/12/2006] GM Xidaozu: /n snakebite rod 1
[02/12/2006] GM Xidaozu: /m Training Monk
[02/12/2006] GM Xidaozu: /n snakebite rod 1
[02/12/2006] GM Xidaozu: /m Training Monk
[02/12/2006] GM Xidaozu: /n snakebite rod 1
[02/12/2006] GM Xidaozu: /m Training Monk
[03/12/2006] GM Xidaozu: /n staff 1
[03/12/2006] GM Xidaozu: /n staff 1
[03/12/2006] GM Xidaozu: /m Training Monk
[04/01/2007] GM Xidaozu: /m demon
[04/01/2007] GM Xidaozu: /invisible
[20/01/2007] GM Xidaozu: /i 2305 100
[21/01/2007] GM Xidaozu: /i 2305 100
[21/01/2007] GM Xidaozu: /goto Dragon
[21/01/2007] GM Xidaozu: /a 3
[21/01/2007] GM Xidaozu: /i 1492 1
[21/01/2007] GM Xidaozu: /i 1492 1
[21/01/2007] GM Xidaozu: /i 1492 1
[21/01/2007] GM Xidaozu: /i 1492 1
[21/01/2007] GM Xidaozu: /t
[21/01/2007] GM Xidaozu: /i 1492 1
[21/01/2007] GM Xidaozu: /i 1492 1
[21/01/2007] GM Xidaozu: /i 1492 1
[21/01/2007] GM Xidaozu: /i 1492 1
[21/01/2007] GM Xidaozu: /i 1492 1
[21/01/2007] GM Xidaozu: /i 1492 1
[21/01/2007] GM Xidaozu: /i 1492 1
[21/01/2007] GM Xidaozu: /i 1492 1
[21/01/2007] GM Xidaozu: /i 1492 1
[21/01/2007] GM Xidaozu: /n grey smoke 1
[21/01/2007] GM Xidaozu: /n grey poison 1
[21/01/2007] GM Xidaozu: /n grey poison 1
[21/01/2007] GM Xidaozu: /n grey poison 1
[21/01/2007] GM Xidaozu: /n grey poison 1
[21/01/2007] GM Xidaozu: /n grey poison 1
[21/01/2007] GM Xidaozu: /n grey poison 1
[21/01/2007] GM Xidaozu: /n grey poison 1
[21/01/2007] GM Xidaozu: /n grey poison 1
[21/01/2007] GM Xidaozu: /n grey poison 1
[21/01/2007] GM Xidaozu: /n yellow fire 1
[21/01/2007] GM Xidaozu: /n yellow fire 1
[21/01/2007] GM Xidaozu: /n yellow fire 1
[21/01/2007] GM Xidaozu: /n yellow fire 1
[21/01/2007] GM Xidaozu: /n yellow fire 1
[21/01/2007] GM Xidaozu: /n yellow fire 1
[21/01/2007] GM Xidaozu: /n yellow fire 1
[21/01/2007] GM Xidaozu: /n yellow fire 1
[21/01/2007] GM Xidaozu: /n yellow fire 1
[21/01/2007] GM Xidaozu: /goto Nimral
[21/01/2007] GM Xidaozu: /premium GM Xidaozu, 7
[22/01/2007] GM Xidaozu: /n might ring 1
[22/01/2007] GM Xidaozu: /n might ring 20
[22/01/2007] GM Xidaozu: /t
[22/01/2007] GM Xidaozu: /m dragon
[22/01/2007] GM Xidaozu: /n crossbow 1
[22/01/2007] GM Xidaozu: /n bolt 100
[22/01/2007] GM Xidaozu: /m Training Monk
[22/01/2007] GM Xidaozu: /m Demon
[22/01/2007] GM Xidaozu: /goto Johnny
[22/01/2007] GM Xidaozu: /goto Nimral
[22/01/2007] GM Xidaozu: /premium GM Xidaozu, 7
[22/01/2007] GM Xidaozu: /save
[22/01/2007] GM Xidaozu: /save
[22/01/2007] GM Xidaozu: /m rat
[22/01/2007] GM Xidaozu: /m rat
[22/01/2007] GM Xidaozu: /m rat
[22/01/2007] GM Xidaozu: /m rat
[22/01/2007] GM Xidaozu: /m rat
[22/01/2007] GM Xidaozu: /m rat
[22/01/2007] GM Xidaozu: /m rat
[22/01/2007] GM Xidaozu: /m rotworm
[22/01/2007] GM Xidaozu: /m rotworm
[22/01/2007] GM Xidaozu: /m rotworm
[22/01/2007] GM Xidaozu: /m rotworm
[22/01/2007] GM Xidaozu: /m rotworm
[22/01/2007] GM Xidaozu: /m rotworm
[22/01/2007] GM Xidaozu: /m rotworm
[22/01/2007] GM Xidaozu: /m rotworm
[22/01/2007] GM Xidaozu: /m rotworm
[22/01/2007] GM Xidaozu: /m rotworm
[22/01/2007] GM Xidaozu: /m rotworm
[22/01/2007] GM Xidaozu: /m rotworm
[22/01/2007] GM Xidaozu: /m rotworm
[22/01/2007] GM Xidaozu: /m rotworm
[22/01/2007] GM Xidaozu: /m rotworm
[22/01/2007] GM Xidaozu: /m rotworm
[22/01/2007] GM Xidaozu: /m rotworm
[22/01/2007] GM Xidaozu: /m rotworm
[22/01/2007] GM Xidaozu: /m rotworm
[22/01/2007] GM Xidaozu: /m rotworm
[22/01/2007] GM Xidaozu: /m rotworm
[22/01/2007] GM Xidaozu: /m rotworm
[22/01/2007] GM Xidaozu: /m rotworm
[22/01/2007] GM Xidaozu: /m rotworm
[22/01/2007] GM Xidaozu: /m rotworm
[22/01/2007] GM Xidaozu: /m rotworm
[22/01/2007] GM Xidaozu: /m rotworm
[22/01/2007] GM Xidaozu: /m rotworm
[22/01/2007] GM Xidaozu: /m rotworm
[22/01/2007] GM Xidaozu: /m orc berserker
[22/01/2007] GM Xidaozu: /m orc berserker
[22/01/2007] GM Xidaozu: /m orc berserker
[22/01/2007] GM Xidaozu: /m orc berserker
[22/01/2007] GM Xidaozu: /m orc berserker
[22/01/2007] GM Xidaozu: /m orc berserker
[22/01/2007] GM Xidaozu: /m orc berserker
[22/01/2007] GM Xidaozu: /m orc berserker
[22/01/2007] GM Xidaozu: /m orc berserker
[22/01/2007] GM Xidaozu: /m orc berserker
[22/01/2007] GM Xidaozu: /m orc berserker
[22/01/2007] GM Xidaozu: /m orc berserker
[22/01/2007] GM Xidaozu: /m orc berserker
[22/01/2007] GM Xidaozu: /m orc berserker
[22/01/2007] GM Xidaozu: /m orc berserker
[22/01/2007] GM Xidaozu: /m orc berserker
[22/01/2007] GM Xidaozu: /m orc berserker
[22/01/2007] GM Xidaozu: /m orc berserker
[22/01/2007] GM Xidaozu: /m orc berserker
[22/01/2007] GM Xidaozu: /m orc berserker
[22/01/2007] GM Xidaozu: /m orc berserker
[22/01/2007] GM Xidaozu: /m orc berserker
[22/01/2007] GM Xidaozu: /m orc berserker
[22/01/2007] GM Xidaozu: /m orc berserker
[22/01/2007] GM Xidaozu: /m orc berserker
[22/01/2007] GM Xidaozu: /m orc berserker
[22/01/2007] GM Xidaozu: /m orc berserker
[22/01/2007] GM Xidaozu: /i 2305 1
[22/01/2007] GM Xidaozu: /owner GM Xidaozu
[22/01/2007] GM Xidaozu: /t
[22/01/2007] GM Xidaozu: /c Demon
[22/01/2007] GM Xidaozu: /c Warlock
[22/01/2007] GM Xidaozu: /c Dragon Lord
[22/01/2007] GM Xidaozu: /c Demon
[22/01/2007] GM Xidaozu: /c Demon
[22/01/2007] GM Xidaozu: /c Demon
[22/01/2007] GM Xidaozu: /m Warlock
[22/01/2007] GM Xidaozu: /m Warlock
[22/01/2007] GM Xidaozu: /c Warlock
[22/01/2007] GM Xidaozu: /c Warlock
[22/01/2007] GM Xidaozu: /c Warlock
[22/01/2007] GM Xidaozu: /c Warlock
[22/01/2007] GM Xidaozu: /c Warlock
[22/01/2007] GM Xidaozu: /c Demon
[22/01/2007] GM Xidaozu: /c Dragon Lord
[22/01/2007] GM Xidaozu: /c Demon
[22/01/2007] GM Xidaozu: /c Demon
[22/01/2007] GM Xidaozu: /c Demon
[22/01/2007] GM Xidaozu: /c Demon
[22/01/2007] GM Xidaozu: /c Demon
[22/01/2007] GM Xidaozu: /i 2305 100
[22/01/2007] GM Xidaozu: /n 2260 1
[22/01/2007] GM Xidaozu: /n adito grav 100
[22/01/2007] GM Xidaozu: /n adito grav 100
[22/01/2007] GM Xidaozu: /goto Demon
[22/01/2007] GM Xidaozu: /m Training Monk
[22/01/2007] GM Xidaozu: /m rat
[22/01/2007] GM Xidaozu: /reload monsters
[22/01/2007] GM Xidaozu: /c Dark Monk
[22/01/2007] GM Xidaozu: /m Dark Monk
[22/01/2007] GM Xidaozu: /c Dark Monk
[22/01/2007] GM Xidaozu: /c Dark Monk
[22/01/2007] GM Xidaozu: /c Dark Monk
[22/01/2007] GM Xidaozu: /reload vocations
[22/01/2007] GM Xidaozu: /c Dark Monk
[22/01/2007] GM Xidaozu: /c Dark Monk
[22/01/2007] GM Xidaozu: /c Dark Monk
[22/01/2007] GM Xidaozu: /m Training Monk
[22/01/2007] GM Xidaozu: /m Training Monk
[22/01/2007] GM Xidaozu: /c Training Monk
[22/01/2007] GM Xidaozu: /m training monk
[22/01/2007] GM Xidaozu: /c training monk
[22/01/2007] GM Xidaozu: /reload monsters
[22/01/2007] GM Xidaozu: /m training monk
[22/01/2007] GM Xidaozu: /c training monk
[22/01/2007] GM Xidaozu: /c training monk
[22/01/2007] GM Xidaozu: /m training monk
[22/01/2007] GM Xidaozu: /m training monk
[22/01/2007] GM Xidaozu: /m training monk
[22/01/2007] GM Xidaozu: /m training monk
[22/01/2007] GM Xidaozu: /m training monk
[22/01/2007] GM Xidaozu: /m training monk
[22/01/2007] GM Xidaozu: /c training monk
[22/01/2007] GM Xidaozu: /c training monk
[22/01/2007] GM Xidaozu: /c training monk
[23/01/2007] GM Xidaozu: /a 2
[23/01/2007] GM Xidaozu: /owner GM Xidaozu
[23/01/2007] GM Xidaozu: /a 3
[23/01/2007] GM Xidaozu: /a 2
[23/01/2007] GM Xidaozu: /owner none
[23/01/2007] GM Xidaozu: /m rat
[23/01/2007] GM Xidaozu: /m rat
[23/01/2007] GM Xidaozu: /i 2261 100
[23/01/2007] GM Xidaozu: /i 1492 1
[23/01/2007] GM Xidaozu: /reload spells
[23/01/2007] GM Xidaozu: /m rat
[23/01/2007] GM Xidaozu: /i 2304 100
[23/01/2007] GM Xidaozu: /m Training Monk
[23/01/2007] GM Xidaozu: /i 5496 
[23/01/2007] GM Xidaozu: /i 5496 1
[23/01/2007] GM Xidaozu: /i 6576 
[23/01/2007] GM Xidaozu: /i 6576 1
[23/01/2007] GM Xidaozu: /i 1754 1
[23/01/2007] GM Xidaozu: /i 1755 1
[23/01/2007] GM Xidaozu: /i 1756 1
[23/01/2007] GM Xidaozu: /a 
[23/01/2007] GM Xidaozu: /a 1
[23/01/2007] GM Xidaozu: /i 1757 1
[23/01/2007] GM Xidaozu: /i 1758 1
[23/01/2007] GM Xidaozu: /i 1759 
[23/01/2007] GM Xidaozu: /i 1760 1
[23/01/2007] GM Xidaozu: /i 1761 
[23/01/2007] GM Xidaozu: /i 1762 
[23/01/2007] GM Xidaozu: /i 1763
[23/01/2007] GM Xidaozu: /i 1763 
[23/01/2007] GM Xidaozu: /m Orshabaal
[23/01/2007] GM Xidaozu: /i 2556 1
[23/01/2007] GM Xidaozu: /i 2656 1
[23/01/2007] GM Xidaozu: /i 2656 1
[23/01/2007] GM Xidaozu: /m training monk
[23/01/2007] GM Xidaozu: /c training monk
[23/01/2007] GM Xidaozu: /m training monk
[23/01/2007] GM Xidaozu: /m training monk
[23/01/2007] GM Xidaozu: /c Training Monk
[23/01/2007] GM Xidaozu: /i 2304 1
[23/01/2007] GM Xidaozu: /i 2304 100
[23/01/2007] GM Xidaozu: /m training monk
[23/01/2007] GM Xidaozu: /c training monk
[23/01/2007] GM Xidaozu: /i 2304 100
[23/01/2007] GM Xidaozu: /i 2656 1
[24/01/2007] GM Xidaozu: /m Training monk
[24/01/2007] GM Xidaozu: /c Training Monk
[24/01/2007] GM Xidaozu: /i 2656 21
[24/01/2007] GM Xidaozu: /i 2304 100
[24/01/2007] GM Xidaozu: /c Training Monk
[24/01/2007] GM Xidaozu: /m Training Monk
[24/01/2007] GM Xidaozu: /c Training Monk
[24/01/2007] GM Xidaozu: /i 2304 100
[24/01/2007] GM Xidaozu: /m training monk
[24/01/2007] GM Xidaozu: /c training monk
[24/01/2007] GM Xidaozu: /m training monk
[24/01/2007] GM Xidaozu: /c training monk
[24/01/2007] GM Xidaozu: /i 2656 1
[24/01/2007] GM Xidaozu: /c Training Monk
[24/01/2007] GM Xidaozu: /m Training Monk
[24/01/2007] GM Xidaozu: /c Training Monk
[24/01/2007] GM Xidaozu: /i 2656 1
[24/01/2007] GM Xidaozu: /m training monk
[24/01/2007] GM Xidaozu: /c training monk
[24/01/2007] GM Xidaozu: /n blue robe 1
[24/01/2007] GM Xidaozu: /m training monk
[24/01/2007] GM Xidaozu: /c training monk
[24/01/2007] GM Xidaozu: /n blue robe 1
[24/01/2007] GM Xidaozu: /m training monk
[24/01/2007] GM Xidaozu: /c training monk
[24/01/2007] GM Xidaozu: /n blue robe 1
[24/01/2007] GM Xidaozu: /m training monk
[24/01/2007] GM Xidaozu: /c training monk
[24/01/2007] GM Xidaozu: /n blue robe 1
[24/01/2007] GM Xidaozu: /m training monk
[24/01/2007] GM Xidaozu: /c training monk
[24/01/2007] GM Xidaozu: /m training monk
[24/01/2007] GM Xidaozu: /c training monk
[24/01/2007] GM Xidaozu: /c training monk
[24/01/2007] GM Xidaozu: /m training monk
[24/01/2007] GM Xidaozu: /c training monk
[24/01/2007] GM Xidaozu: /n blue robe 1
[24/01/2007] GM Xidaozu: /i 2268 100
[24/01/2007] GM Xidaozu: /n mystic turban 1
[24/01/2007] GM Xidaozu: /n crossbow 1
[24/01/2007] GM Xidaozu: /m training monk
[24/01/2007] GM Xidaozu: /c training monk
[24/01/2007] GM Xidaozu: /n blue robe 1
[24/01/2007] GM Xidaozu: /m training monk
[24/01/2007] GM Xidaozu: /c training monk
[24/01/2007] GM Xidaozu: /m training monk
[24/01/2007] GM Xidaozu: /c training monk
[24/01/2007] GM Xidaozu: /m training monk
[24/01/2007] GM Xidaozu: /c training monk
[24/01/2007] GM Xidaozu: /c training monk
[24/01/2007] GM Xidaozu: /m training monk
[24/01/2007] GM Xidaozu: /c training monk
[24/01/2007] GM Xidaozu: /i 2268 100
[24/01/2007] GM Xidaozu: /n blue robe 1
[24/01/2007] GM Xidaozu: /n blue robe 1
[24/01/2007] GM Xidaozu: /n blue robe 1
[24/01/2007] GM Xidaozu: /n blue robe 1
[24/01/2007] GM Xidaozu: /m training monk
[24/01/2007] GM Xidaozu: /c training monk
[24/01/2007] GM Xidaozu: /m training monk
[24/01/2007] GM Xidaozu: /c training monk
[24/01/2007] GM Xidaozu: /m training monk
[24/01/2007] GM Xidaozu: /c training monk
[24/01/2007] GM Xidaozu: /m training monk
[24/01/2007] GM Xidaozu: /c training monk
[24/01/2007] GM Xidaozu: /m training monk
[24/01/2007] GM Xidaozu: /c training monk
[24/01/2007] GM Xidaozu: /m training monk
[24/01/2007] GM Xidaozu: /m training monk
[24/01/2007] GM Xidaozu: /c training monk
[24/01/2007] GM Xidaozu: /c training monk
[24/01/2007] GM Xidaozu: /m training monk
[24/01/2007] GM Xidaozu: /c training monk
[24/01/2007] GM Xidaozu: /m training monk
[24/01/2007] GM Xidaozu: /c training monk
[24/01/2007] GM Xidaozu: /m training monk
[24/01/2007] GM Xidaozu: /i 2268 100
[24/01/2007] GM Xidaozu: /m training monk
[24/01/2007] GM Xidaozu: /i 2268 100
[24/01/2007] GM Xidaozu: /m training monk
[24/01/2007] GM Xidaozu: /m training monk
[24/01/2007] GM Xidaozu: /m training monk
[24/01/2007] GM Xidaozu: /m training monk
[24/01/2007] GM Xidaozu: /c training monk
[24/01/2007] GM Xidaozu: /m training monk
[24/01/2007] GM Xidaozu: /i 2268 100
[24/01/2007] GM Xidaozu: /m training monk
[24/01/2007] GM Xidaozu: /reload items
[24/01/2007] GM Xidaozu: /m training monk
[24/01/2007] GM Xidaozu: /owner GM Xidaozu
[24/01/2007] GM Xidaozu: /save
[24/01/2007] GM Xidaozu: /m warlock
[24/01/2007] GM Xidaozu: /m warlock
[24/01/2007] GM Xidaozu: /m warlock
[24/01/2007] GM Xidaozu: /m warlock
[24/01/2007] GM Xidaozu: /m warlock
[24/01/2007] GM Xidaozu: /m warlock
[24/01/2007] GM Xidaozu: /m warlock
[24/01/2007] GM Xidaozu: /m warlock
[24/01/2007] GM Xidaozu: /m warlock
[24/01/2007] GM Xidaozu: /reload monsters
[24/01/2007] GM Xidaozu: /m warlock
[24/01/2007] GM Xidaozu: /m Demon
[24/01/2007] GM Xidaozu: /m Demon
[24/01/2007] GM Xidaozu: /m demon
[24/01/2007] GM Xidaozu: /m warlock
[24/01/2007] GM Xidaozu: /premium GM Xidaozu, 7
[24/01/2007] GM Xidaozu: /save
[24/01/2007] GM Xidaozu: /save
[24/01/2007] GM Xidaozu: /premium GM Xidaozu, 7
[24/01/2007] GM Xidaozu: /goto Demon
[24/01/2007] GM Xidaozu: /goto Warlock
[24/01/2007] GM Xidaozu: /goto Warlock
[25/01/2007] GM Xidaozu: /goto Nimral
[25/01/2007] GM Xidaozu: /i 2305 100
[25/01/2007] GM Xidaozu: /m rat
[25/01/2007] GM Xidaozu: /m rat
[25/01/2007] GM Xidaozu: /i 1492 1
[25/01/2007] GM Xidaozu: /n stone skin amulet 1
[25/01/2007] GM Xidaozu: /n stone skin amulet 
[25/01/2007] GM Xidaozu: /i 1295 1
[25/01/2007] GM Xidaozu: /i 2197 1
[25/01/2007] GM Xidaozu: /i 2197 100
[28/01/2007] GM Xidaozu: /t
[28/01/2007] GM Xidaozu: /a 30
[28/01/2007] GM Xidaozu: /n label 1
[28/01/2007] GM Xidaozu: /t
[28/01/2007] GM Xidaozu: /n ham 1
[28/01/2007] GM Xidaozu: /n ham 1
[28/01/2007] GM Xidaozu: /n ham 1
[28/01/2007] GM Xidaozu: /n ham 1
[28/01/2007] GM Xidaozu: /n ham 1
[28/01/2007] GM Xidaozu: /n ham 1
[28/01/2007] GM Xidaozu: /n ham 1
[28/01/2007] GM Xidaozu: /n ham 1
[28/01/2007] GM Xidaozu: /n ham 1
[28/01/2007] GM Xidaozu: /n ham 1
[28/01/2007] GM Xidaozu: /goto Demon
[28/01/2007] GM Xidaozu: /clean
[28/01/2007] GM Xidaozu: /n label 1
[28/01/2007] GM Xidaozu: /i 2006 7
[28/01/2007] GM Xidaozu: /i 2006 7
[28/01/2007] GM Xidaozu: /i 2006 7
[28/01/2007] GM Xidaozu: /i 2006 7
[28/01/2007] GM Xidaozu: /i 2268 100
[28/01/2007] GM Xidaozu: /m demon
[29/01/2007] GM Xidaozu: /n adito grav 100
[29/01/2007] GM Xidaozu: /i 2261 100
[29/01/2007] GM Xidaozu: /n fire 1
[29/01/2007] GM Xidaozu: /i 1487 1
[29/01/2007] GM Xidaozu: /n adito grav 1
[29/01/2007] GM Xidaozu: /n adito grav 1
[29/01/2007] GM Xidaozu: /n spell rune 1
[29/01/2007] GM Xidaozu: /n rune 1
[29/01/2007] GM Xidaozu: /n adito grav 100
[29/01/2007] GM Xidaozu: /m demon
[29/01/2007] GM Xidaozu: /i 2268 100
[29/01/2007] GM Xidaozu: /i 2006 7
[29/01/2007] GM Xidaozu: /i 2006 7
[29/01/2007] GM Xidaozu: /i 2006 7
[29/01/2007] GM Xidaozu: /i 2006 7
[29/01/2007] GM Xidaozu: /i 2006 7
[29/01/2007] GM Xidaozu: /i 2006 7
[29/01/2007] GM Xidaozu: /i 2006 7
[29/01/2007] GM Xidaozu: /i 2006 7
[29/01/2007] GM Xidaozu: /i 2006 7
[29/01/2007] GM Xidaozu: /i 2006 7
[29/01/2007] GM Xidaozu: /i 2006 7
[29/01/2007] GM Xidaozu: /i 2273 100
[29/01/2007] GM Xidaozu: /n ham 5
[29/01/2007] GM Xidaozu: /i 2273 100
[29/01/2007] GM Xidaozu: /i 2006 7
[29/01/2007] GM Xidaozu: /i 2006 7
[29/01/2007] GM Xidaozu: /i 2006 7
[29/01/2007] GM Xidaozu: /i 2006 7
[29/01/2007] GM Xidaozu: /i 2006 7
[29/01/2007] GM Xidaozu: /i 2268 100
[29/01/2007] GM Xidaozu: /i 2268 100
[29/01/2007] GM Xidaozu: /c Demon
[29/01/2007] GM Xidaozu: /c Demon
[29/01/2007] GM Xidaozu: /c Demon
[29/01/2007] GM Xidaozu: /c Demon
[29/01/2007] GM Xidaozu: /c Demon
[29/01/2007] GM Xidaozu: /m Demon
[29/01/2007] GM Xidaozu: /i 2006 7
[29/01/2007] GM Xidaozu: /i 2006 7
[29/01/2007] GM Xidaozu: /i 2006 7
[29/01/2007] GM Xidaozu: /i 2006 7
[29/01/2007] GM Xidaozu: /i 2006 7
[29/01/2007] GM Xidaozu: /i 2006 7
[29/01/2007] GM Xidaozu: /up
[29/01/2007] GM Xidaozu: /up
[29/01/2007] GM Xidaozu: /m warlock
[29/01/2007] GM Xidaozu: /m warlock
[29/01/2007] GM Xidaozu: /m warlock
[29/01/2007] GM Xidaozu: /m warlock
[29/01/2007] GM Xidaozu: /m warlock
[29/01/2007] GM Xidaozu: /m warlock
[29/01/2007] GM Xidaozu: /m warlock
[29/01/2007] GM Xidaozu: /m warlock
[29/01/2007] GM Xidaozu: /m warlock
[29/01/2007] GM Xidaozu: /m warlock
[29/01/2007] GM Xidaozu: /m warlock
[29/01/2007] GM Xidaozu: /m warlock
[29/01/2007] GM Xidaozu: /m warlock
[29/01/2007] GM Xidaozu: /m warlock
[29/01/2007] GM Xidaozu: /m warlock
[29/01/2007] GM Xidaozu: /m warlock
[29/01/2007] GM Xidaozu: /m warlock
[29/01/2007] GM Xidaozu: /m warlock
[29/01/2007] GM Xidaozu: /m warlock
[29/01/2007] GM Xidaozu: /m warlock
[29/01/2007] GM Xidaozu: /m warlock
[29/01/2007] GM Xidaozu: /m warlock
[29/01/2007] GM Xidaozu: /m warlock
[29/01/2007] GM Xidaozu: /m warlock
[29/01/2007] GM Xidaozu: /m warlock
[29/01/2007] GM Xidaozu: /m warlock
[29/01/2007] GM Xidaozu: /m warlock
[29/01/2007] GM Xidaozu: /m warlock
[29/01/2007] GM Xidaozu: /m warlock
[29/01/2007] GM Xidaozu: /m warlock
[29/01/2007] GM Xidaozu: /m warlock
[29/01/2007] GM Xidaozu: /m warlock
[29/01/2007] GM Xidaozu: /m warlock
[29/01/2007] GM Xidaozu: /m warlock
[29/01/2007] GM Xidaozu: /m warlock
[29/01/2007] GM Xidaozu: /m warlock
[29/01/2007] GM Xidaozu: /m warlock
[29/01/2007] GM Xidaozu: /m warlock
[29/01/2007] GM Xidaozu: /m warlock
[29/01/2007] GM Xidaozu: /m warlock
[29/01/2007] GM Xidaozu: /m warlock
[29/01/2007] GM Xidaozu: /m warlock
[29/01/2007] GM Xidaozu: /m warlock
[29/01/2007] GM Xidaozu: /m warlock
[29/01/2007] GM Xidaozu: /m warlock
[29/01/2007] GM Xidaozu: /m warlock
[29/01/2007] GM Xidaozu: /m warlock
[29/01/2007] GM Xidaozu: /m warlock
[29/01/2007] GM Xidaozu: /m warlock
[29/01/2007] GM Xidaozu: /m warlock
[29/01/2007] GM Xidaozu: /m warlock
[29/01/2007] GM Xidaozu: /m warlock
[29/01/2007] GM Xidaozu: /m warlock
[29/01/2007] GM Xidaozu: /m warlock
[29/01/2007] GM Xidaozu: /m warlock
[29/01/2007] GM Xidaozu: /goto Malak
[29/01/2007] GM Xidaozu: /n bow 1
[29/01/2007] GM Xidaozu: /n arrow 100
[29/01/2007] GM Xidaozu: /m demon
[30/01/2007] GM Xidaozu: /premium GM Xidaozu, 7
[30/01/2007] GM Xidaozu: /n arbalest 1
[30/01/2007] GM Xidaozu: /n bolt 10
[30/01/2007] GM Xidaozu: /m training monk
[30/01/2007] GM Xidaozu: /n bolt 100
[31/01/2007] GM Xidaozu: /i 2268 100
[31/01/2007] GM Xidaozu: /m demon
[31/01/2007] GM Xidaozu: /m demon
[31/01/2007] GM Xidaozu: /i 2268 100
[31/01/2007] GM Xidaozu: /m demon
[31/01/2007] GM Xidaozu: /i 2268 100
[31/01/2007] GM Xidaozu: /m demon
[31/01/2007] GM Xidaozu: /n ham 5
[31/01/2007] GM Xidaozu: /n ham 5
[31/01/2007] GM Xidaozu: /n ham 5
[31/01/2007] GM Xidaozu: /m demn
[31/01/2007] GM Xidaozu: /m demon
[31/01/2007] GM Xidaozu: /i 2268 100
[31/01/2007] GM Xidaozu: /n chair 1
[31/01/2007] GM Xidaozu: /n wooden chair 1
[31/01/2007] GM Xidaozu: /i 2268 100
[31/01/2007] GM Xidaozu: /m training monk
[31/01/2007] GM Xidaozu: /n adito grav 100
[31/01/2007] GM Xidaozu: /m training monk
[31/01/2007] GM Xidaozu: /i 2006 7
[31/01/2007] GM Xidaozu: /i 2006 7
[31/01/2007] GM Xidaozu: /i 2006 7
[31/01/2007] GM Xidaozu: /i 2006 7
[31/01/2007] GM Xidaozu: /i 2006 7
[31/01/2007] GM Xidaozu: /i 2006 7
[31/01/2007] GM Xidaozu: /i 2006 7
[31/01/2007] GM Xidaozu: /i 2006 7
[31/01/2007] GM Xidaozu: /i 2006 7
[31/01/2007] GM Xidaozu: /i 2006 7
[31/01/2007] GM Xidaozu: /i 2006 7
[31/01/2007] GM Xidaozu: /i 2006 7
[31/01/2007] GM Xidaozu: /i 2006 7
[31/01/2007] GM Xidaozu: /i 2006 7
[31/01/2007] GM Xidaozu: /i 2006 7
[31/01/2007] GM Xidaozu: /i 2006 7
[31/01/2007] GM Xidaozu: /i 2006 7
[31/01/2007] GM Xidaozu: /i 2006 7
[31/01/2007] GM Xidaozu: /i 2006 7
[31/01/2007] GM Xidaozu: /i 2006 7
[31/01/2007] GM Xidaozu: /i 2006 7
[31/01/2007] GM Xidaozu: /i 2006 7
[31/01/2007] GM Xidaozu: /i 2006 7
[31/01/2007] GM Xidaozu: /i 2268 100
[31/01/2007] GM Xidaozu: /a 2
[31/01/2007] GM Xidaozu: /a 3
[31/01/2007] GM Xidaozu: /m training monk
[31/01/2007] GM Xidaozu: /a 2
[31/01/2007] GM Xidaozu: /n stonecutters axe
[31/01/2007] GM Xidaozu: /n stonecutters axe 1
[31/01/2007] GM Xidaozu: /n stonecutter axe 1
[31/01/2007] GM Xidaozu: /n magic plate armor 1
[31/01/2007] GM Xidaozu: /n dragon scale legs 1
[31/01/2007] GM Xidaozu: /n golden helmet 1
[31/01/2007] GM Xidaozu: /n golden boots
[31/01/2007] GM Xidaozu: /n golden boots 1
[31/01/2007] GM Xidaozu: /m training monk
[31/01/2007] GM Xidaozu: /a 2
[31/01/2007] GM Xidaozu: /i 2268 100
[31/01/2007] GM Xidaozu: /m training monk
[31/01/2007] GM Xidaozu: /a 2
[31/01/2007] GM Xidaozu: /i 2268 100
[01/02/2007] GM Xidaozu: /a 50
[01/02/2007] GM Xidaozu: /a 45
[01/02/2007] GM Xidaozu: /a 5
[01/02/2007] GM Xidaozu: /a 45
[01/02/2007] GM Xidaozu: /a 5
[01/02/2007] GM Xidaozu: /m training monk
[01/02/2007] GM Xidaozu: /m training monk
[01/02/2007] GM Xidaozu: /m training monk
[01/02/2007] GM Xidaozu: /m training monk
[01/02/2007] GM Xidaozu: /n wall 1
[01/02/2007] GM Xidaozu: /n stone 1
[01/02/2007] GM Xidaozu: /reload config
[01/02/2007] GM Xidaozu: /n life ring 1
[01/02/2007] GM Xidaozu: /n life ring 1
[02/02/2007] GM Xidaozu: /n adori vita vis 100
[02/02/2007] GM Xidaozu: /kick Xidaozu
[02/02/2007] GM Xidaozu: /i 1754 1
[02/02/2007] GM Xidaozu: /i 1755 1
[02/02/2007] GM Xidaozu: /save
[02/02/2007] GM Xidaozu: /i 1754 1
[02/02/2007] GM Xidaozu: /i 1755 1
[02/02/2007] GM Xidaozu: /save
[02/02/2007] GM Xidaozu: /a 1
[02/02/2007] GM Xidaozu: /i 1754 1
[02/02/2007] GM Xidaozu: /i 1756 1
[02/02/2007] GM Xidaozu: /i 1757 
[02/02/2007] GM Xidaozu: /i 175 9
[02/02/2007] GM Xidaozu: /i 1759 1
[02/02/2007] GM Xidaozu: /i 1761 
[02/02/2007] GM Xidaozu: /i 1760 1
[02/02/2007] GM Xidaozu: /a 20
[02/02/2007] GM Xidaozu: /a 5
[02/02/2007] GM Xidaozu: /a 3
[02/02/2007] GM Xidaozu: /i 2006 10
[02/02/2007] GM Xidaozu: /i 2006 9
[02/02/2007] GM Xidaozu: /i 2006 8
[02/02/2007] GM Xidaozu: /i 2006 6
[02/02/2007] GM Xidaozu: /i 2006 5
[02/02/2007] GM Xidaozu: /i 2006 4
[02/02/2007] GM Xidaozu: /i 2006 3
[02/02/2007] GM Xidaozu: /i 2006 2
[02/02/2007] GM Xidaozu: /i 2006 1
[02/02/2007] GM Xidaozu: /i 2006 5
[02/02/2007] GM Xidaozu: /i 2006 3
[02/02/2007] GM Xidaozu: /i 2006 7
[02/02/2007] GM Xidaozu: /i 2006 3
[02/02/2007] GM Xidaozu: /i 2006 3
[02/02/2007] GM Xidaozu: /goto Malak
[02/02/2007] GM Xidaozu: /s Malak
[02/02/2007] GM Xidaozu: /reload npc
[02/02/2007] GM Xidaozu: /s Malak
[02/02/2007] GM Xidaozu: /s Malak
[02/02/2007] GM Xidaozu: /s Malak
[02/02/2007] GM Xidaozu: /s malak
[02/02/2007] GM Xidaozu: /s malak
[02/02/2007] GM Xidaozu: /s malak
[02/02/2007] GM Xidaozu: /s malak
[02/02/2007] GM Xidaozu: /s Malak
[02/02/2007] GM Xidaozu: /s malak
[02/02/2007] GM Xidaozu: /s Malak
[02/02/2007] GM Xidaozu: /s malak
[03/02/2007] GM Xidaozu: /save
[03/02/2007] GM Xidaozu: /save
[03/02/2007] GM Xidaozu: /save
[03/02/2007] GM Xidaozu: /save
[03/02/2007] GM Xidaozu: /n tapestry 1
[03/02/2007] GM Xidaozu: /i 1855 1
[03/02/2007] GM Xidaozu: /i 1855 1
[03/02/2007] GM Xidaozu: /a 1
[03/02/2007] GM Xidaozu: /i 1855 1
[03/02/2007] GM Xidaozu: /i 1880 1
[03/02/2007] GM Xidaozu: /i 1880 1
[03/02/2007] GM Xidaozu: /i 1869 1
[03/02/2007] GM Xidaozu: /i 2006 3
[03/02/2007] GM Xidaozu: /i 2006 15
[03/02/2007] GM Xidaozu: /save
[03/02/2007] GM Xidaozu: /save
[03/02/2007] GM Xidaozu: /c Xidaozu
[03/02/2007] GM Xidaozu: /c Xidaozu
[05/02/2007] GM Xidaozu: /a 2
[05/02/2007] GM Xidaozu: /a 2
[05/02/2007] GM Xidaozu: /a 2
[05/02/2007] GM Xidaozu: /a 7
[05/02/2007] GM Xidaozu: /invisible
[05/02/2007] GM Xidaozu: /a 4
[05/02/2007] GM Xidaozu: /goto Xidaozu
[05/02/2007] GM Xidaozu: /i 1988 1
[05/02/2007] GM Xidaozu: /n vial 1
[05/02/2007] GM Xidaozu: /i 2006 7
[05/02/2007] GM Xidaozu: /t
[05/02/2007] GM Xidaozu: /n adori vita vis 100
[05/02/2007] GM Xidaozu: /n adura vita 100
[05/02/2007] GM Xidaozu: /goto Soya
[05/02/2007] GM Xidaozu: /m cave rat
[05/02/2007] GM Xidaozu: /m cave rat
[05/02/2007] GM Xidaozu: /summon Rotworm
[05/02/2007] GM Xidaozu: /summon Fire Elemental
[05/02/2007] GM Xidaozu: /m training monk
[05/02/2007] GM Xidaozu: /i 1988 1
[05/02/2007] GM Xidaozu: /n shovel 1
[05/02/2007] GM Xidaozu: /a 50
[05/02/2007] GM Xidaozu: /a 7
[05/02/2007] GM Xidaozu: /a 7
[05/02/2007] GM Xidaozu: /a 59
[05/02/2007] GM Xidaozu: /a 1
[05/02/2007] GM Xidaozu: /i 1336
[05/02/2007] GM Xidaozu: /a 1
[05/02/2007] GM Xidaozu: /i 1336 1
[05/02/2007] GM Xidaozu: /n rope 1
[05/02/2007] GM Xidaozu: /i 385 
[05/02/2007] GM Xidaozu: /up
[05/02/2007] GM Xidaozu: /a 50
[05/02/2007] GM Xidaozu: /m training monk
[05/02/2007] GM Xidaozu: /up
[05/02/2007] GM Xidaozu: /m demon
[05/02/2007] GM Xidaozu: /i 1988 1
[05/02/2007] GM Xidaozu: /n adori vita vis 100
[05/02/2007] GM Xidaozu: /i 1988 1
[05/02/2007] GM Xidaozu: /i 2268 100
[05/02/2007] GM Xidaozu: /m training monk
[05/02/2007] GM Xidaozu: /n rope 1
[05/02/2007] GM Xidaozu: /m training monk
[05/02/2007] GM Xidaozu: /up
[05/02/2007] GM Xidaozu: /a 2
[05/02/2007] GM Xidaozu: /i 1988 1
[05/02/2007] GM Xidaozu: /i 2006 7
[05/02/2007] GM Xidaozu: /i 2006 7
[05/02/2007] GM Xidaozu: /n adori vita vis 100
[05/02/2007] GM Xidaozu: /m training monk
[05/02/2007] GM Xidaozu: /i 1988 1
[05/02/2007] GM Xidaozu: /i 2006 7
[05/02/2007] GM Xidaozu: /i 2006 7
[05/02/2007] GM Xidaozu: /i 2006 7
[05/02/2007] GM Xidaozu: /i 1988 1
[05/02/2007] GM Xidaozu: /i 2006 7
[05/02/2007] GM Xidaozu: /i 2006 7
[05/02/2007] GM Xidaozu: /i 1988 1
[05/02/2007] GM Xidaozu: /i 2006 7
[05/02/2007] GM Xidaozu: /i 2006 7
[05/02/2007] GM Xidaozu: /i 2006 7
[05/02/2007] GM Xidaozu: /i 2006 7
[05/02/2007] GM Xidaozu: /i 2006 7
[05/02/2007] GM Xidaozu: /i 2006 7
[05/02/2007] GM Xidaozu: /summon Monk
[05/02/2007] GM Xidaozu: /summon Rat
[05/02/2007] GM Xidaozu: /summon Monk
[05/02/2007] GM Xidaozu: /summon Rat
[05/02/2007] GM Xidaozu: /summon Rotworm
[05/02/2007] GM Xidaozu: /goto Demon
[05/02/2007] GM Xidaozu: /summon Rotworm
[05/02/2007] GM Xidaozu: /up
[05/02/2007] GM Xidaozu: /a 20
[05/02/2007] GM Xidaozu: /a 20
[05/02/2007] GM Xidaozu: /a 5
[05/02/2007] GM Xidaozu: /n adevo grav tera 100
[06/02/2007] GM Xidaozu: /goto Xidaozu
[06/02/2007] GM Xidaozu: /up
[06/02/2007] GM Xidaozu: /c Xidaozu
[06/02/2007] GM Xidaozu: /down
[06/02/2007] GM Xidaozu: /n vial 1
[06/02/2007] GM Xidaozu: /i 2006 9
[06/02/2007] GM Xidaozu: /i 2006 0
[06/02/2007] GM Xidaozu: /i 2006 7
[06/02/2007] GM Xidaozu: /i 2006 7
[06/02/2007] GM Xidaozu: /i 2006 7
[06/02/2007] GM Xidaozu: /i 2006 7
[06/02/2007] GM Xidaozu: /up
[06/02/2007] GM Xidaozu: /up
[06/02/2007] GM Xidaozu: /i 2006 0
[06/02/2007] GM Xidaozu: /i 2006 7
[06/02/2007] GM Xidaozu: /i 2006 7
[06/02/2007] GM Xidaozu: /i 2006 7
[06/02/2007] GM Xidaozu: /i 2006 7
[06/02/2007] GM Xidaozu: /s Malak
[06/02/2007] GM Xidaozu: /s malak
[06/02/2007] GM Xidaozu: /s Malak
[06/02/2007] GM Xidaozu: /s Malak
[06/02/2007] GM Xidaozu: /B Lol
[06/02/2007] GM Xidaozu: /a 2
[06/02/2007] GM Xidaozu: /a 2
[06/02/2007] GM Xidaozu: /a 2
[06/02/2007] GM Xidaozu: /a 2
[06/02/2007] GM Xidaozu: /a 2
[06/02/2007] GM Xidaozu: /s Malak
[06/02/2007] GM Xidaozu: /s Malak
[06/02/2007] GM Xidaozu: /s Malak
[06/02/2007] GM Xidaozu: /s Malak
[06/02/2007] GM Xidaozu: /s Malak
[06/02/2007] GM Xidaozu: /s Malak
[06/02/2007] GM Xidaozu: /s Malak
[06/02/2007] GM Xidaozu: /up
[06/02/2007] GM Xidaozu: /t
[06/02/2007] GM Xidaozu: /t
[06/02/2007] GM Xidaozu: /up
[06/02/2007] GM Xidaozu: /a 15
[06/02/2007] GM Xidaozu: /s Malak
[06/02/2007] GM Xidaozu: /s Malak
[06/02/2007] GM Xidaozu: /s Malak
[06/02/2007] GM Xidaozu: /s Malak
[06/02/2007] GM Xidaozu: /s Malak
[06/02/2007] GM Xidaozu: /s Malak
[06/02/2007] GM Xidaozu: /up
[06/02/2007] GM Xidaozu: /goto Malak
[06/02/2007] GM Xidaozu: /goto Malak
[06/02/2007] GM Xidaozu: /a 4
[06/02/2007] GM Xidaozu: /s Malak
[06/02/2007] GM Xidaozu: /s Malak
[06/02/2007] GM Xidaozu: /goto Malak
[06/02/2007] GM Xidaozu: /goto Kimral
[06/02/2007] GM Xidaozu: /goto Nimral
[06/02/2007] GM Xidaozu: /goto Varkhal
[06/02/2007] GM Xidaozu: /up
[06/02/2007] GM Xidaozu: /a 20
[06/02/2007] GM Xidaozu: /a 20
[06/02/2007] GM Xidaozu: /a 7
[06/02/2007] GM Xidaozu: /c Xidaozu
[06/02/2007] GM Xidaozu: /c Xidaozu
[06/02/2007] GM Xidaozu: /c Xidaozu
[06/02/2007] GM Xidaozu: /c Xidaozu
[06/02/2007] GM Xidaozu: /a 3
[06/02/2007] GM Xidaozu: /c Xidaozu
[06/02/2007] GM Xidaozu: /t
[06/02/2007] GM Xidaozu: /i 2173 100
[06/02/2007] GM Xidaozu: /n adevo grav tera 100
[06/02/2007] GM Xidaozu: /a 50
[06/02/2007] GM Xidaozu: /a 10
[06/02/2007] GM Xidaozu: /n adori gran flam 100
[06/02/2007] GM Xidaozu: /n adori gran flam 100
[06/02/2007] GM Xidaozu: /n adevo grav tera
[06/02/2007] GM Xidaozu: /n adevo grav tera 100
[06/02/2007] GM Xidaozu: /goto Warlock
[06/02/2007] GM Xidaozu: /c Xidaozu
[06/02/2007] GM Xidaozu: /c Xidaozu
[07/02/2007] GM Xidaozu: /m demon
[07/02/2007] GM Xidaozu: /summon Training Monk
[07/02/2007] GM Xidaozu: /summon Fire Elemental
[07/02/2007] GM Xidaozu: /summon Fire Elemental
[07/02/2007] GM Xidaozu: /summon Fire Elemental
[07/02/2007] GM Xidaozu: /reload npc
[07/02/2007] GM Xidaozu: /reload npc
[07/02/2007] GM Xidaozu: /i 2006 7
[07/02/2007] GM Xidaozu: /i 2006 7
[07/02/2007] GM Xidaozu: /i 2006 7
[07/02/2007] GM Xidaozu: /i 2006 7
[07/02/2007] GM Xidaozu: /i 2006 7
[07/02/2007] GM Xidaozu: /i 2006 7
[07/02/2007] GM Xidaozu: /i 2006 7
[07/02/2007] GM Xidaozu: /i 2006 7
[07/02/2007] GM Xidaozu: /i 2006 7
[07/02/2007] GM Xidaozu: /i 2006 7
[08/02/2007] GM Xidaozu: /goto Xidaozu
[08/02/2007] GM Xidaozu: /i 2268 100
[10/02/2007] GM Xidaozu: /goto troll
[10/02/2007] GM Xidaozu: /up
[10/02/2007] GM Xidaozu: /n adevo grav tera 100
[10/02/2007] GM Xidaozu: /goto Malak
[10/02/2007] GM Xidaozu: /a 2
[10/02/2007] GM Xidaozu: /reload npc
[10/02/2007] GM Xidaozu: /a 2
[10/02/2007] GM Xidaozu: /reload npc
[10/02/2007] GM Xidaozu: /a 2
[10/02/2007] GM Xidaozu: /a 2
[10/02/2007] GM Xidaozu: /a 2
[10/02/2007] GM Xidaozu: /reload npc
[10/02/2007] GM Xidaozu: /reload npc
[10/02/2007] GM Xidaozu: /a 2
[10/02/2007] GM Xidaozu: /a 2
[10/02/2007] GM Xidaozu: /reload npc
[10/02/2007] GM Xidaozu: /s Malak
[10/02/2007] GM Xidaozu: /goto Malak
[10/02/2007] GM Xidaozu: /a 
[10/02/2007] GM Xidaozu: /a 2
[10/02/2007] GM Xidaozu: /s Malak
[10/02/2007] GM Xidaozu: /s Malak
[10/02/2007] GM Xidaozu: /s Malak
[10/02/2007] GM Xidaozu: /c Malak
[10/02/2007] GM Xidaozu: /goto Malak
[10/02/2007] GM Xidaozu: /a 2
[10/02/2007] GM Xidaozu: /s Malak
[10/02/2007] GM Xidaozu: /goto Xidaozu
[10/02/2007] GM Xidaozu: /reload config
[11/02/2007] GM Xidaozu: /c Donald
[11/02/2007] GM Xidaozu: /goto Malak
[11/02/2007] GM Xidaozu: /goto Malak
[11/02/2007] GM Xidaozu: /a 2
[11/02/2007] GM Xidaozu: /goto Malak
[11/02/2007] GM Xidaozu: /c Malak
[11/02/2007] GM Xidaozu: /goto Malak
[11/02/2007] GM Xidaozu: /a 1
[11/02/2007] GM Xidaozu: /goto Malak
[11/02/2007] GM Xidaozu: /a 21
[11/02/2007] GM Xidaozu: /a 19
[11/02/2007] GM Xidaozu: /s Malak
[11/02/2007] GM Xidaozu: /goto Malak
[11/02/2007] GM Xidaozu: /a 2
[11/02/2007] GM Xidaozu: /goto Malak
[11/02/2007] GM Xidaozu: /a 1
[11/02/2007] GM Xidaozu: /a 1
[11/02/2007] GM Xidaozu: /goto Malak
[11/02/2007] GM Xidaozu: /a 2
[11/02/2007] GM Xidaozu: /s Malak
[11/02/2007] GM Xidaozu: /goto Malak
[11/02/2007] GM Xidaozu: /a 2
[11/02/2007] GM Xidaozu: /s Malak
[11/02/2007] GM Xidaozu: /c malak
[11/02/2007] GM Xidaozu: /n machete 1
[11/02/2007] GM Xidaozu: /goto Nimral
[11/02/2007] GM Xidaozu: /a 50
[11/02/2007] GM Xidaozu: /i 2782 1
[11/02/2007] GM Xidaozu: /i 2442 1
[11/02/2007] GM Xidaozu: /goto Giant Spider
[11/02/2007] GM Xidaozu: /goto Dragon
[11/02/2007] GM Xidaozu: /goto Demon
[11/02/2007] GM Xidaozu: /up
[11/02/2007] GM Xidaozu: /up
[11/02/2007] GM Xidaozu: /up
[11/02/2007] GM Xidaozu: /a 5
[11/02/2007] GM Xidaozu: /a 5
[11/02/2007] GM Xidaozu: /a 5
[11/02/2007] GM Xidaozu: /a 5
[11/02/2007] GM Xidaozu: /a 5
[11/02/2007] GM Xidaozu: /up
[11/02/2007] GM Xidaozu: /a 5
[11/02/2007] GM Xidaozu: /a 5
[11/02/2007] GM Xidaozu: /up
[11/02/2007] GM Xidaozu: /n machete 1
[11/02/2007] GM Xidaozu: /goto Demon
[11/02/2007] GM Xidaozu: /up
[11/02/2007] GM Xidaozu: /up
[11/02/2007] GM Xidaozu: /up
[11/02/2007] GM Xidaozu: /a 20
[11/02/2007] GM Xidaozu: /n machete 1
[11/02/2007] GM Xidaozu: /n scythe 1
[11/02/2007] GM Xidaozu: /t
[11/02/2007] GM Xidaozu: /a 50
[11/02/2007] GM Xidaozu: /a 4
[11/02/2007] GM Xidaozu: /goto Demon
[11/02/2007] GM Xidaozu: /up
[11/02/2007] GM Xidaozu: /up
[11/02/2007] GM Xidaozu: /up
[11/02/2007] GM Xidaozu: /a 20
[11/02/2007] GM Xidaozu: /n machete 1
[11/02/2007] GM Xidaozu: /reload actions
[11/02/2007] GM Xidaozu: /t
[11/02/2007] GM Xidaozu: /a 40
[11/02/2007] GM Xidaozu: /reload actions
[11/02/2007] GM Xidaozu: /n scythe 1
[11/02/2007] GM Xidaozu: /reload actions
[11/02/2007] GM Xidaozu: /t
[11/02/2007] GM Xidaozu: /n fishing rod 
[11/02/2007] GM Xidaozu: /n adori vita vis 1
[11/02/2007] GM Xidaozu: /n adori vita vis 100
[11/02/2007] GM Xidaozu: /addskill GM Xidaozu, sword
[11/02/2007] GM Xidaozu: /addskill GM Xidaozu, sword
[11/02/2007] GM Xidaozu: /addskill GM Xidaozu, sword
[11/02/2007] GM Xidaozu: /addskill GM Xidaozu, sword
[11/02/2007] GM Xidaozu: /addskill GM Xidaozu, sword
[11/02/2007] GM Xidaozu: /addskill GM Xidaozu, sword
[11/02/2007] GM Xidaozu: /addskill GM Xidaozu, sword
[11/02/2007] GM Xidaozu: /addskill GM Xidaozu, sword
[11/02/2007] GM Xidaozu: /addskill GM Xidaozu, level
[11/02/2007] GM Xidaozu: /addskill GM Xidaozu, magic
[11/02/2007] GM Xidaozu: /addskill GM Xidaozu, magic
[11/02/2007] GM Xidaozu: /addskill GM Xidaozu, magic
[11/02/2007] GM Xidaozu: /addskill GM Xidaozu, magic
[15/02/2007] GM Xidaozu: /goto Guild Master
[15/02/2007] GM Xidaozu: /a 2
[15/02/2007] GM Xidaozu: /save
[20/02/2007] GM Xidaozu: /goto Malak
[20/02/2007] GM Xidaozu: /goto Malak
[21/02/2007] GM Xidaozu: /s Frenzy
[21/02/2007] GM Xidaozu: /s Distance
[21/02/2007] GM Xidaozu: /s Frenzy
[21/02/2007] GM Xidaozu: /s Distance
[21/02/2007] GM Xidaozu: /s Frenzy
[21/02/2007] GM Xidaozu: /s Frenzy
[21/02/2007] GM Xidaozu: /s Distance
[21/02/2007] GM Xidaozu: /s Frenzy
[21/02/2007] GM Xidaozu: /s Frenzy
[21/02/2007] GM Xidaozu: /a 1
[21/02/2007] GM Xidaozu: /s Frenzy
[21/02/2007] GM Xidaozu: /s Distance
[21/02/2007] GM Xidaozu: /s Distance
[21/02/2007] GM Xidaozu: /s Distance
[21/02/2007] GM Xidaozu: /s Frenzy
[21/02/2007] GM Xidaozu: /s Frenzy
[21/02/2007] GM Xidaozu: /s Distance
[21/02/2007] GM Xidaozu: /s Distance
[21/02/2007] GM Xidaozu: /s Distance
[21/02/2007] GM Xidaozu: /s Distance
[21/02/2007] GM Xidaozu: /s Distance
[21/02/2007] GM Xidaozu: /s Distance
[21/02/2007] GM Xidaozu: /s Distance
[21/02/2007] GM Xidaozu: /s Distance
[22/02/2007] GM Xidaozu: /s Distance
[22/02/2007] GM Xidaozu: /s Distance
[22/02/2007] GM Xidaozu: /s Distance
[22/02/2007] GM Xidaozu: /s Distance
[22/02/2007] GM Xidaozu: /s Distance
[22/02/2007] GM Xidaozu: /s Distance
[22/02/2007] GM Xidaozu: /s Distance
[22/02/2007] GM Xidaozu: /s Distance
[22/02/2007] GM Xidaozu: /s Distance
[22/02/2007] GM Xidaozu: /goto Timral
[22/02/2007] GM Xidaozu: /goto Nimral
[22/02/2007] GM Xidaozu: /goto Athan
[22/02/2007] GM Xidaozu: /s Athan
[22/02/2007] GM Xidaozu: /s Athan
[22/02/2007] GM Xidaozu: /goto Malak
[22/02/2007] GM Xidaozu: /a 2
[22/02/2007] GM Xidaozu: /goto Lola
[22/02/2007] GM Xidaozu: /a 2
[22/02/2007] GM Xidaozu: /a 2
[22/02/2007] GM Xidaozu: /a 4
[22/02/2007] GM Xidaozu: /goto Soya
[22/02/2007] GM Xidaozu: /a 2
[22/02/2007] GM Xidaozu: /s Frodo
[22/02/2007] GM Xidaozu: /goto SOya
[22/02/2007] GM Xidaozu: /m Demon
[22/02/2007] GM Xidaozu: /m Training Monk
[22/02/2007] GM Xidaozu: /s Training Monk
[22/02/2007] GM Xidaozu: /m Training Monk
[22/02/2007] GM Xidaozu: /s training monk
[22/02/2007] GM Xidaozu: /m training monk
[22/02/2007] GM Xidaozu: /m training monk
[22/02/2007] GM Xidaozu: /m training monk
[22/02/2007] GM Xidaozu: /m training monk
[22/02/2007] GM Xidaozu: /m training monk
[22/02/2007] GM Xidaozu: /m training monk
[22/02/2007] GM Xidaozu: /m training monk
[22/02/2007] GM Xidaozu: /m training monk
[22/02/2007] GM Xidaozu: /m training monk
[22/02/2007] GM Xidaozu: /m training monk
[22/02/2007] GM Xidaozu: /m training monk
[22/02/2007] GM Xidaozu: /m training monk
[22/02/2007] GM Xidaozu: /c Training monk
[22/02/2007] GM Xidaozu: /m training monk
[22/02/2007] GM Xidaozu: /m training monk
[22/02/2007] GM Xidaozu: /m training monk
[23/02/2007] GM Xidaozu: /s Malak
[23/02/2007] GM Xidaozu: /s Donald
[23/02/2007] GM Xidaozu: /s Malak
[25/02/2007] GM Xidaozu: /summon Demon
[25/02/2007] GM Xidaozu: /goto Demon
[28/02/2007] GM Xidaozu: /save
[28/02/2007] GM Xidaozu: /save
[28/02/2007] GM Xidaozu: /addon GM Xidaozu, 128 3
[28/02/2007] GM Xidaozu: /addon GM Xidaozu, 128 1
[28/02/2007] GM Xidaozu: /addon GM Xidaozu, 128 1
[28/02/2007] GM Xidaozu: /addon GM Xidaozu, 128 1
[01/03/2007] GM Xidaozu: /n spear 100
[01/03/2007] GM Xidaozu: /m training monk
[01/03/2007] GM Xidaozu: /goto AThan
[01/03/2007] GM Xidaozu: /a 50
[01/03/2007] GM Xidaozu: /a 3
[01/03/2007] GM Xidaozu: /c Xidaozu
[01/03/2007] GM Xidaozu: /i 2160 100
[07/03/2007] GM Xidaozu: /n stone skin amulet 100
[07/03/2007] GM Xidaozu: /n stone skin amulet 1
[07/03/2007] GM Xidaozu: /n stone skin amulet 50
[07/03/2007] GM Xidaozu: /m demon
[07/03/2007] GM Xidaozu: /m training monk
[07/03/2007] GM Xidaozu: /m rat
[07/03/2007] GM Xidaozu: /m rat
[07/03/2007] GM Xidaozu: /m rat
[07/03/2007] GM Xidaozu: /m rat
[07/03/2007] GM Xidaozu: /m rat
[07/03/2007] GM Xidaozu: /m rat
[07/03/2007] GM Xidaozu: /m rat
[07/03/2007] GM Xidaozu: /m rat
[07/03/2007] GM Xidaozu: /up
[07/03/2007] GM Xidaozu: /m demom
[07/03/2007] GM Xidaozu: /m demon
[07/03/2007] GM Xidaozu: /n stone skin amulet 0
[07/03/2007] GM Xidaozu: /n stone skin amulet 1
[07/03/2007] GM Xidaozu: /c demon
[07/03/2007] GM Xidaozu: /m demon
[07/03/2007] GM Xidaozu: /m demon
[07/03/2007] GM Xidaozu: /m demon
[07/03/2007] GM Xidaozu: /m demon
[07/03/2007] GM Xidaozu: /m demon
[07/03/2007] GM Xidaozu: /m demon
[07/03/2007] GM Xidaozu: /m demon
[07/03/2007] GM Xidaozu: /m demon
[07/03/2007] GM Xidaozu: /m demon
[11/03/2007] GM Xidaozu: /reload actions
[11/03/2007] GM Xidaozu: /i 1213 1
[11/03/2007] GM Xidaozu: /a 1
[11/03/2007] GM Xidaozu: /reload actions
[11/03/2007] GM Xidaozu: /i 1213 1
[11/03/2007] GM Xidaozu: /a 1
[11/03/2007] GM Xidaozu: /reload actions
[11/03/2007] GM Xidaozu: /reload actions
[11/03/2007] GM Xidaozu: /reload actions
[11/03/2007] GM Xidaozu: /a 1
[11/03/2007] GM Xidaozu: /a 3
[11/03/2007] GM Xidaozu: /reload actions
[11/03/2007] GM Xidaozu: /i 6250 1
[11/03/2007] GM Xidaozu: /i 6252 1
[11/03/2007] GM Xidaozu: /a 2
[11/03/2007] GM Xidaozu: /i 6251 
[11/03/2007] GM Xidaozu: /a 3
[11/03/2007] GM Xidaozu: /reload actions
[11/03/2007] GM Xidaozu: /reload actions
[11/03/2007] GM Xidaozu: /i 5108 1
[11/03/2007] GM Xidaozu: /a 1
[11/03/2007] GM Xidaozu: /reload actions
[11/03/2007] GM Xidaozu: /i 5108 1
[11/03/2007] GM Xidaozu: /a 1
[11/03/2007] GM Xidaozu: /a 2
[11/03/2007] GM Xidaozu: /a 2
[11/03/2007] GM Xidaozu: /a 2
[11/03/2007] GM Xidaozu: /a 2
[11/03/2007] GM Xidaozu: /a 2
[11/03/2007] GM Xidaozu: /a 2
[11/03/2007] GM Xidaozu: /a 2
[11/03/2007] GM Xidaozu: /a 2
[11/03/2007] GM Xidaozu: /i 2281 100
[11/03/2007] GM Xidaozu: /c Xidaozu
[11/03/2007] GM Xidaozu: /i 2281 100
[11/03/2007] GM Xidaozu: /i 2281 1
[11/03/2007] GM Xidaozu: /reload spells
[11/03/2007] GM Xidaozu: /i 2281 100
[11/03/2007] GM Xidaozu: /reload spells
[11/03/2007] GM Xidaozu: /reload spells
[11/03/2007] GM Xidaozu: /reload spells
[11/03/2007] GM Xidaozu: /c Xidaozu
[11/03/2007] GM Xidaozu: /kick Xidaozu
[11/03/2007] GM Xidaozu: /i 2261 1
[11/03/2007] GM Xidaozu: /i 2261 100
[11/03/2007] GM Xidaozu: /i 2268 100
[11/03/2007] GM Xidaozu: /i 2281 100
[11/03/2007] GM Xidaozu: /i 2273 100
[11/03/2007] GM Xidaozu: /reload spells
[11/03/2007] GM Xidaozu: /reload spells
[11/03/2007] GM Xidaozu: /reload spells
[11/03/2007] GM Xidaozu: /i 2281 100
[11/03/2007] GM Xidaozu: /i 2281 100
[11/03/2007] GM Xidaozu: /i 2281 100
[11/03/2007] GM Xidaozu: /i 2281 100
[11/03/2007] GM Xidaozu: /i 2281 100
[11/03/2007] GM Xidaozu: /reload spells
[11/03/2007] GM Xidaozu: /reload actions
[11/03/2007] GM Xidaozu: /i 2281 100
[11/03/2007] GM Xidaozu: /i 2281 100
[11/03/2007] GM Xidaozu: /reload actions
[11/03/2007] GM Xidaozu: /i 2281 100
[11/03/2007] GM Xidaozu: /i 2281 100
[11/03/2007] GM Xidaozu: /n mana rune 1
[11/03/2007] GM Xidaozu: /n mana rune 100
[11/03/2007] GM Xidaozu: /i 2281 100
[11/03/2007] GM Xidaozu: /i 2281 0
[15/03/2007] GM Xidaozu: /m demon
[15/03/2007] GM Xidaozu: /summon demon
[15/03/2007] GM Xidaozu: /s Malak
[15/03/2007] GM Xidaozu: /s Malak
[15/03/2007] GM Xidaozu: /s Frodo
[15/03/2007] GM Xidaozu: /s Malak
[15/03/2007] GM Xidaozu: /i 1988 1
[15/03/2007] GM Xidaozu: /i 1988 1
[15/03/2007] GM Xidaozu: /i 1988 1
[15/03/2007] GM Xidaozu: /i 1988 1
[15/03/2007] GM Xidaozu: /i 1988 1
[15/03/2007] GM Xidaozu: /i 1988 1
[15/03/2007] GM Xidaozu: /i 1988 1
[15/03/2007] GM Xidaozu: /s Malak
[15/03/2007] GM Xidaozu: /s Malak
[15/03/2007] GM Xidaozu: /s Malak
[15/03/2007] GM Xidaozu: /s Malak
[15/03/2007] GM Xidaozu: /i 1988 1
[15/03/2007] GM Xidaozu: /s Malak
[15/03/2007] GM Xidaozu: /s Malak
[15/03/2007] GM Xidaozu: /s Malak
[15/03/2007] GM Xidaozu: /s Malak
[22/03/2007] GM Xidaozu: /goto Ferumbras
[22/03/2007] GM Xidaozu: /t
[22/03/2007] GM Xidaozu: /a 3
[22/03/2007] GM Xidaozu: /m training monk
[23/03/2007] GM Xidaozu: /m training monk
[23/03/2007] GM Xidaozu: /n fire 1
[23/03/2007] GM Xidaozu: /i 1492 1
[23/03/2007] GM Xidaozu: /i 1492 1
[23/03/2007] GM Xidaozu: /i 1492 1
[23/03/2007] GM Xidaozu: /i 1492 1
[23/03/2007] GM Xidaozu: /i 1492 1
[23/03/2007] GM Xidaozu: /i 1492 1
[23/03/2007] GM Xidaozu: /i 1492 1
[23/03/2007] GM Xidaozu: /c Training Monk
[23/03/2007] GM Xidaozu: /i 1492 1
[23/03/2007] GM Xidaozu: /i 1492 1
[23/03/2007] GM Xidaozu: /i 1492 1
[23/03/2007] GM Xidaozu: /i 1492 1
[23/03/2007] GM Xidaozu: /i 1492 1
[23/03/2007] GM Xidaozu: /i 1492 1
[23/03/2007] GM Xidaozu: /i 1492 1
[23/03/2007] GM Xidaozu: /i 1492 1
[23/03/2007] GM Xidaozu: /i 1492 1
[23/03/2007] GM Xidaozu: /i 1492 1
[23/03/2007] GM Xidaozu: /i 1492 1
[23/03/2007] GM Xidaozu: /up
[23/03/2007] GM Xidaozu: /down
[23/03/2007] GM Xidaozu: /a 5
[23/03/2007] GM Xidaozu: /i 1492 1
[23/03/2007] GM Xidaozu: /i 1492 1
[23/03/2007] GM Xidaozu: /i 1492 1
[23/03/2007] GM Xidaozu: /i 1492 1
[23/03/2007] GM Xidaozu: /i 1492 1
[23/03/2007] GM Xidaozu: /i 1492 1
[23/03/2007] GM Xidaozu: /up
[23/03/2007] GM Xidaozu: /c Xidaozu
[23/03/2007] GM Xidaozu: /down
[23/03/2007] GM Xidaozu: /c Xidaozu
[23/03/2007] GM Xidaozu: /kick Xidaozu
[23/03/2007] GM Xidaozu: /kick Xidaozu
[23/03/2007] GM Xidaozu: /kick GM Xidaozu
[23/03/2007] GM Xidaozu: /info Xidaozu
[23/03/2007] GM Xidaozu: /n "ham" 100
[23/03/2007] GM Xidaozu: /s Varkhal
[23/03/2007] GM Xidaozu: /s Varkhal
[23/03/2007] GM Xidaozu: /s Varkhal
[24/03/2007] GM Xidaozu: /i 2281 1
[24/03/2007] GM Xidaozu: /i 2281 100
[24/03/2007] GM Xidaozu: /i 2292 20
[24/03/2007] GM Xidaozu: /i 2292 20 0 0
